<?xml version="1.0" encoding="UTF-8"?>
<testng-results skipped="0" failed="0" ignored="0" total="2" passed="2">
  <reporter-output>
  </reporter-output>
  <suite name="Suite" duration-ms="28152" started-at="2022-09-06T00:36:27 IST" finished-at="2022-09-06T00:36:55 IST">
    <groups>
    </groups>
    <test name="Test" duration-ms="28152" started-at="2022-09-06T00:36:27 IST" finished-at="2022-09-06T00:36:55 IST">
      <class name="com.suburati.testcase.LoginTest">
        <test-method status="PASS" signature="launchApplication()[pri:0, instance:com.suburati.testcase.LoginTest@10d59286]" name="launchApplication" is-config="true" duration-ms="8545" started-at="2022-09-06T00:36:27 IST" finished-at="2022-09-06T00:36:35 IST">
          <reporter-output>
          </reporter-output>
        </test-method> <!-- launchApplication -->
        <test-method status="PASS" signature="loginFunctionVerification()[pri:0, instance:com.suburati.testcase.LoginTest@10d59286]" name="loginFunctionVerification" duration-ms="3683" started-at="2022-09-06T00:36:35 IST" finished-at="2022-09-06T00:36:39 IST">
          <reporter-output>
          </reporter-output>
        </test-method> <!-- loginFunctionVerification -->
        <test-method status="PASS" signature="closeApplication()[pri:0, instance:com.suburati.testcase.LoginTest@10d59286]" name="closeApplication" is-config="true" duration-ms="973" started-at="2022-09-06T00:36:39 IST" finished-at="2022-09-06T00:36:40 IST">
          <reporter-output>
          </reporter-output>
        </test-method> <!-- closeApplication -->
      </class> <!-- com.suburati.testcase.LoginTest -->
      <class name="com.suburati.testcase.CreateStudentAccount">
        <test-method status="PASS" signature="launchApplication()[pri:0, instance:com.suburati.testcase.CreateStudentAccount@24b1d79b]" name="launchApplication" is-config="true" duration-ms="7207" started-at="2022-09-06T00:36:40 IST" finished-at="2022-09-06T00:36:47 IST">
          <reporter-output>
          </reporter-output>
        </test-method> <!-- launchApplication -->
        <test-method status="PASS" signature="verifyCreateStudentFunction()[pri:0, instance:com.suburati.testcase.CreateStudentAccount@24b1d79b]" name="verifyCreateStudentFunction" duration-ms="6801" started-at="2022-09-06T00:36:47 IST" finished-at="2022-09-06T00:36:54 IST">
          <reporter-output>
          </reporter-output>
        </test-method> <!-- verifyCreateStudentFunction -->
        <test-method status="PASS" signature="closeApplication()[pri:0, instance:com.suburati.testcase.CreateStudentAccount@24b1d79b]" name="closeApplication" is-config="true" duration-ms="870" started-at="2022-09-06T00:36:54 IST" finished-at="2022-09-06T00:36:55 IST">
          <reporter-output>
          </reporter-output>
        </test-method> <!-- closeApplication -->
      </class> <!-- com.suburati.testcase.CreateStudentAccount -->
    </test> <!-- Test -->
  </suite> <!-- Suite -->
</testng-results>
